<?xml version="1.0" encoding="UTF-8"?>
<!-- Generated by org.testng.reporters.JUnitReportReporter -->
<testsuite hostname="DESKTOP-F56SB7Q" failures="0" tests="1" name="testngpack.Demo" time="0.010" errors="0" timestamp="2022-06-04T09:09:59 IST" skipped="0">
  <testcase classname="testngpack.Demo" name="a" time="0.010"/>
  <system-out>
    <![CDATA[demo class method]]>
  </system-out>
</testsuite> <!-- testngpack.Demo -->
