<?xml version="1.0" encoding="UTF-8"?>
<!-- Generated by org.testng.reporters.JUnitReportReporter -->
<testsuite hostname="DESKTOP-F56SB7Q" failures="0" tests="1" name="takesScreenshotDynamically.CustomListener" time="0.012" errors="0" timestamp="2022-06-10T08:10:41 IST" skipped="0">
  <testcase classname="takesScreenshotDynamically.CustomListener" name="Setup" time="0.012"/>
  <system-out/>
</testsuite> <!-- takesScreenshotDynamically.CustomListener -->
