<?xml version="1.0" encoding="UTF-8"?>
<!-- Generated by org.testng.reporters.JUnitReportReporter -->
<testsuite hostname="DESKTOP-F56SB7Q" failures="0" tests="1" name="testngflags.Class2" time="6.424" errors="0" timestamp="2022-06-08T21:30:47 IST" skipped="0">
  <testcase classname="testngflags.Class2" name="f" time="6.424"/>
  <system-out/>
</testsuite> <!-- testngflags.Class2 -->
