<?xml version="1.0" encoding="UTF-8"?>
<!-- Generated by org.testng.reporters.JUnitReportReporter -->
<testsuite hostname="DESKTOP-F56SB7Q" failures="0" tests="1" name="testngflags.Class1" time="10.382" errors="0" timestamp="2022-06-08T21:29:34 IST" skipped="0">
  <testcase classname="testngflags.Class1" name="f" time="10.382"/>
  <system-out/>
</testsuite> <!-- testngflags.Class1 -->
