<?xml version="1.0" encoding="UTF-8"?>
<!-- Generated by org.testng.reporters.JUnitReportReporter -->
<testsuite hostname="DESKTOP-F56SB7Q" failures="0" tests="9" name="testngpack.Flag41" time="0.029" errors="1" timestamp="2022-06-06T16:26:17 IST" skipped="0">
  <testcase classname="testngpack.Flag41" name="b" time="0.003"/>
  <system-out>
    <![CDATA[b]]>
  </system-out>
  <testcase classname="testngpack.Flag41" name="k" time="0.002"/>
  <system-out>
    <![CDATA[k]]>
  </system-out>
  <testcase classname="testngpack.Flag41" name="a" time="0.013"/>
  <system-out>
    <![CDATA[a]]>
  </system-out>
  <testcase classname="testngpack.Flag41" name="l" time="0.003">
    <error message="Unresolved compilation problems: 
	Syntax error on tokens, ReferenceType expected instead
	Syntax error, insert &quot;;&quot; to complete BlockStatements
" type="java.lang.Error">
      <![CDATA[java.lang.Error: Unresolved compilation problems: 
Syntax error on tokens, ReferenceType expected instead
Syntax error, insert ";" to complete BlockStatements

at testngpack.Flag41.l(Flag41.java:67)
at java.base/jdk.internal.reflect.NativeMethodAccessorImpl.invoke0(Native Method)
at java.base/jdk.internal.reflect.NativeMethodAccessorImpl.invoke(NativeMethodAccessorImpl.java:77)
at java.base/jdk.internal.reflect.DelegatingMethodAccessorImpl.invoke(DelegatingMethodAccessorImpl.java:43)
at java.base/java.lang.reflect.Method.invoke(Method.java:568)
at org.testng.internal.MethodInvocationHelper.invokeMethod(MethodInvocationHelper.java:133)
at org.testng.internal.TestInvoker.invokeMethod(TestInvoker.java:598)
at org.testng.internal.TestInvoker.invokeTestMethod(TestInvoker.java:173)
at org.testng.internal.MethodRunner.runInSequence(MethodRunner.java:46)
at org.testng.internal.TestInvoker$MethodInvocationAgent.invoke(TestInvoker.java:824)
at org.testng.internal.TestInvoker.invokeTestMethods(TestInvoker.java:146)
at org.testng.internal.TestMethodWorker.invokeTestMethods(TestMethodWorker.java:146)
at org.testng.internal.TestMethodWorker.run(TestMethodWorker.java:128)
at java.base/java.util.ArrayList.forEach(ArrayList.java:1511)
at org.testng.TestRunner.privateRun(TestRunner.java:794)
at org.testng.TestRunner.run(TestRunner.java:596)
at org.testng.SuiteRunner.runTest(SuiteRunner.java:377)
at org.testng.SuiteRunner.runSequentially(SuiteRunner.java:371)
at org.testng.SuiteRunner.privateRun(SuiteRunner.java:332)
at org.testng.SuiteRunner.run(SuiteRunner.java:276)
at org.testng.SuiteRunnerWorker.runSuite(SuiteRunnerWorker.java:53)
at org.testng.SuiteRunnerWorker.run(SuiteRunnerWorker.java:96)
at org.testng.TestNG.runSuitesSequentially(TestNG.java:1212)
at org.testng.TestNG.runSuitesLocally(TestNG.java:1134)
at org.testng.TestNG.runSuites(TestNG.java:1063)
at org.testng.TestNG.run(TestNG.java:1031)
at org.testng.remote.AbstractRemoteTestNG.run(AbstractRemoteTestNG.java:115)
at org.testng.remote.RemoteTestNG.initAndRun(RemoteTestNG.java:251)
at org.testng.remote.RemoteTestNG.main(RemoteTestNG.java:77)
]]>
    </error>
  </testcase> <!-- l -->
  <system-out/>
  <testcase classname="testngpack.Flag41" name="g" time="0.003"/>
  <system-out>
    <![CDATA[g]]>
  </system-out>
  <testcase classname="testngpack.Flag41" name="h" time="0.001"/>
  <system-out>
    <![CDATA[h]]>
  </system-out>
  <testcase classname="testngpack.Flag41" name="p" time="0.000"/>
  <system-out>
    <![CDATA[p]]>
  </system-out>
  <testcase classname="testngpack.Flag41" name="z" time="0.003"/>
  <system-out>
    <![CDATA[z]]>
  </system-out>
  <testcase classname="testngpack.Flag41" name="m" time="0.001"/>
  <system-out>
    <![CDATA[m]]>
  </system-out>
</testsuite> <!-- testngpack.Flag41 -->
